<?xml version="1.0" encoding="UTF-8"?>
<testng-results ignored="0" total="1" passed="1" failed="0" skipped="0">
  <reporter-output>
  </reporter-output>
  <suite started-at="2023-01-04T17:05:23 IST" name="Default suite" finished-at="2023-01-04T17:05:25 IST" duration-ms="1917">
    <groups>
    </groups>
    <test started-at="2023-01-04T17:05:23 IST" name="Default test" finished-at="2023-01-04T17:05:25 IST" duration-ms="1917">
      <class name="usingBaseClassCRUDOperations.Delete_Project">
        <test-method is-config="true" signature="bsConfig()[pri:0, instance:usingBaseClassCRUDOperations.Delete_Project@4f2b503c]" started-at="2023-01-04T17:05:23 IST" name="bsConfig" finished-at="2023-01-04T17:05:24 IST" duration-ms="959" status="PASS">
          <reporter-output>
          </reporter-output>
        </test-method> <!-- bsConfig -->
        <test-method signature="deleteTheProject()[pri:0, instance:usingBaseClassCRUDOperations.Delete_Project@4f2b503c]" started-at="2023-01-04T17:05:24 IST" name="deleteTheProject" finished-at="2023-01-04T17:05:25 IST" duration-ms="915" status="PASS">
          <reporter-output>
          </reporter-output>
        </test-method> <!-- deleteTheProject -->
        <test-method is-config="true" signature="asConfif()[pri:0, instance:usingBaseClassCRUDOperations.Delete_Project@4f2b503c]" started-at="2023-01-04T17:05:25 IST" name="asConfif" finished-at="2023-01-04T17:05:25 IST" duration-ms="6" status="PASS">
          <reporter-output>
          </reporter-output>
        </test-method> <!-- asConfif -->
      </class> <!-- usingBaseClassCRUDOperations.Delete_Project -->
    </test> <!-- Default test -->
  </suite> <!-- Default suite -->
</testng-results>
